{"/Users/beau/Projects/khan/api.js":{"path":"/Users/beau/Projects/khan/api.js","s":{"1":1,"2":25,"3":6,"4":19,"5":10,"6":9,"7":1,"8":1,"9":6,"10":6,"11":6,"12":3,"13":3,"14":6,"15":2,"16":4,"17":4,"18":3,"19":1,"20":1,"21":6,"22":6,"23":6,"24":6,"25":8,"26":2,"27":4,"28":2,"29":2,"30":4,"31":6,"32":1,"33":17,"34":17,"35":22,"36":3,"37":19,"38":2,"39":22,"40":17,"41":1,"42":2,"43":2,"44":2,"45":2,"46":1,"47":1,"48":1,"49":2,"50":1,"51":6,"52":4,"53":2,"54":2,"55":6,"56":1,"57":1,"58":5,"59":5,"60":3,"61":2,"62":1,"63":7,"64":7,"65":3,"66":3,"67":4,"68":1,"69":10,"70":10,"71":10,"72":10,"73":7,"74":3,"75":7,"76":4,"77":3,"78":3,"79":6},"b":{"1":[6,19],"2":[10,9],"3":[19,10,10,10],"4":[3,3],"5":[2,4],"6":[3,1],"7":[2,6],"8":[2,2],"9":[3,19],"10":[2,17],"11":[1,1],"12":[1,0],"13":[4,2],"14":[1,5],"15":[3,2],"16":[3,4],"17":[7,5],"18":[7,3],"19":[3,4],"20":[4,3]},"f":{"1":25,"2":4,"3":6,"4":6,"5":6,"6":4,"7":6,"8":6,"9":17,"10":2,"11":6,"12":7,"13":10},"fnMap":{"1":{"name":"newBlock","line":1,"loc":{"start":{"line":1,"column":0},"end":{"line":1,"column":29}}},"2":{"name":"(anonymous_2)","line":12,"loc":{"start":{"line":12,"column":15},"end":{"line":12,"column":49}}},"3":{"name":"searchForFunctionality","line":13,"loc":{"start":{"line":13,"column":4},"end":{"line":13,"column":42}}},"4":{"name":"(anonymous_4)","line":15,"loc":{"start":{"line":15,"column":24},"end":{"line":15,"column":43}}},"5":{"name":"(anonymous_5)","line":17,"loc":{"start":{"line":17,"column":45},"end":{"line":17,"column":76}}},"6":{"name":"(anonymous_6)","line":44,"loc":{"start":{"line":44,"column":15},"end":{"line":44,"column":49}}},"7":{"name":"searchForFunctionality","line":45,"loc":{"start":{"line":45,"column":4},"end":{"line":45,"column":42}}},"8":{"name":"(anonymous_8)","line":71,"loc":{"start":{"line":71,"column":20},"end":{"line":71,"column":49}}},"9":{"name":"getStatemntAt","line":74,"loc":{"start":{"line":74,"column":4},"end":{"line":74,"column":38}}},"10":{"name":"getArrayAt","line":88,"loc":{"start":{"line":88,"column":4},"end":{"line":88,"column":35}}},"11":{"name":"rollUp","line":102,"loc":{"start":{"line":102,"column":4},"end":{"line":102,"column":22}}},"12":{"name":"advanceCurrentStatement","line":123,"loc":{"start":{"line":123,"column":4},"end":{"line":123,"column":39}}},"13":{"name":"searchForFunctionality","line":136,"loc":{"start":{"line":136,"column":4},"end":{"line":136,"column":43}}}},"statementMap":{"1":{"start":{"line":1,"column":0},"end":{"line":9,"column":1}},"2":{"start":{"line":2,"column":2},"end":{"line":4,"column":3}},"3":{"start":{"line":3,"column":4},"end":{"line":3,"column":26}},"4":{"start":{"line":5,"column":2},"end":{"line":7,"column":3}},"5":{"start":{"line":6,"column":4},"end":{"line":6,"column":32}},"6":{"start":{"line":8,"column":2},"end":{"line":8,"column":15}},"7":{"start":{"line":11,"column":0},"end":{"line":157,"column":1}},"8":{"start":{"line":13,"column":4},"end":{"line":31,"column":5}},"9":{"start":{"line":15,"column":6},"end":{"line":30,"column":9}},"10":{"start":{"line":17,"column":8},"end":{"line":24,"column":11}},"11":{"start":{"line":19,"column":10},"end":{"line":22,"column":11}},"12":{"start":{"line":21,"column":12},"end":{"line":21,"column":25}},"13":{"start":{"line":23,"column":10},"end":{"line":23,"column":22}},"14":{"start":{"line":27,"column":8},"end":{"line":29,"column":9}},"15":{"start":{"line":28,"column":10},"end":{"line":28,"column":54}},"16":{"start":{"line":33,"column":4},"end":{"line":33,"column":37}},"17":{"start":{"line":36,"column":4},"end":{"line":39,"column":5}},"18":{"start":{"line":38,"column":6},"end":{"line":38,"column":18}},"19":{"start":{"line":41,"column":4},"end":{"line":41,"column":17}},"20":{"start":{"line":45,"column":4},"end":{"line":66,"column":5}},"21":{"start":{"line":47,"column":6},"end":{"line":47,"column":48}},"22":{"start":{"line":48,"column":6},"end":{"line":63,"column":7}},"23":{"start":{"line":50,"column":8},"end":{"line":50,"column":59}},"24":{"start":{"line":51,"column":8},"end":{"line":57,"column":9}},"25":{"start":{"line":53,"column":10},"end":{"line":56,"column":11}},"26":{"start":{"line":55,"column":12},"end":{"line":55,"column":25}},"27":{"start":{"line":60,"column":8},"end":{"line":62,"column":9}},"28":{"start":{"line":61,"column":10},"end":{"line":61,"column":64}},"29":{"start":{"line":65,"column":6},"end":{"line":65,"column":18}},"30":{"start":{"line":68,"column":4},"end":{"line":68,"column":44}},"31":{"start":{"line":72,"column":4},"end":{"line":72,"column":22}},"32":{"start":{"line":74,"column":4},"end":{"line":86,"column":5}},"33":{"start":{"line":75,"column":6},"end":{"line":75,"column":36}},"34":{"start":{"line":76,"column":6},"end":{"line":84,"column":7}},"35":{"start":{"line":77,"column":8},"end":{"line":82,"column":9}},"36":{"start":{"line":78,"column":10},"end":{"line":78,"column":48}},"37":{"start":{"line":80,"column":13},"end":{"line":82,"column":9}},"38":{"start":{"line":81,"column":10},"end":{"line":81,"column":42}},"39":{"start":{"line":83,"column":8},"end":{"line":83,"column":44}},"40":{"start":{"line":85,"column":6},"end":{"line":85,"column":23}},"41":{"start":{"line":88,"column":4},"end":{"line":100,"column":5}},"42":{"start":{"line":89,"column":6},"end":{"line":89,"column":36}},"43":{"start":{"line":90,"column":6},"end":{"line":98,"column":7}},"44":{"start":{"line":91,"column":8},"end":{"line":91,"column":44}},"45":{"start":{"line":92,"column":8},"end":{"line":97,"column":9}},"46":{"start":{"line":93,"column":10},"end":{"line":93,"column":43}},"47":{"start":{"line":95,"column":13},"end":{"line":97,"column":9}},"48":{"start":{"line":96,"column":10},"end":{"line":96,"column":37}},"49":{"start":{"line":99,"column":6},"end":{"line":99,"column":23}},"50":{"start":{"line":102,"column":4},"end":{"line":121,"column":5}},"51":{"start":{"line":103,"column":6},"end":{"line":109,"column":7}},"52":{"start":{"line":104,"column":8},"end":{"line":104,"column":35}},"53":{"start":{"line":107,"column":8},"end":{"line":107,"column":44}},"54":{"start":{"line":108,"column":8},"end":{"line":108,"column":47}},"55":{"start":{"line":110,"column":6},"end":{"line":120,"column":7}},"56":{"start":{"line":111,"column":8},"end":{"line":111,"column":36}},"57":{"start":{"line":112,"column":8},"end":{"line":112,"column":21}},"58":{"start":{"line":115,"column":8},"end":{"line":115,"column":22}},"59":{"start":{"line":116,"column":8},"end":{"line":118,"column":9}},"60":{"start":{"line":117,"column":10},"end":{"line":117,"column":22}},"61":{"start":{"line":119,"column":8},"end":{"line":119,"column":24}},"62":{"start":{"line":123,"column":4},"end":{"line":133,"column":5}},"63":{"start":{"line":125,"column":6},"end":{"line":125,"column":52}},"64":{"start":{"line":126,"column":6},"end":{"line":129,"column":7}},"65":{"start":{"line":127,"column":8},"end":{"line":127,"column":24}},"66":{"start":{"line":128,"column":8},"end":{"line":128,"column":21}},"67":{"start":{"line":132,"column":6},"end":{"line":132,"column":22}},"68":{"start":{"line":136,"column":4},"end":{"line":153,"column":5}},"69":{"start":{"line":137,"column":6},"end":{"line":137,"column":49}},"70":{"start":{"line":138,"column":6},"end":{"line":138,"column":52}},"71":{"start":{"line":139,"column":6},"end":{"line":150,"column":7}},"72":{"start":{"line":141,"column":8},"end":{"line":145,"column":9}},"73":{"start":{"line":142,"column":10},"end":{"line":144,"column":11}},"74":{"start":{"line":143,"column":12},"end":{"line":143,"column":24}},"75":{"start":{"line":147,"column":8},"end":{"line":149,"column":9}},"76":{"start":{"line":148,"column":10},"end":{"line":148,"column":65}},"77":{"start":{"line":151,"column":6},"end":{"line":151,"column":20}},"78":{"start":{"line":152,"column":6},"end":{"line":152,"column":19}},"79":{"start":{"line":155,"column":4},"end":{"line":155,"column":44}}},"branchMap":{"1":{"line":2,"type":"if","locations":[{"start":{"line":2,"column":2},"end":{"line":2,"column":2}},{"start":{"line":2,"column":2},"end":{"line":2,"column":2}}]},"2":{"line":5,"type":"if","locations":[{"start":{"line":5,"column":2},"end":{"line":5,"column":2}},{"start":{"line":5,"column":2},"end":{"line":5,"column":2}}]},"3":{"line":5,"type":"binary-expr","locations":[{"start":{"line":5,"column":5},"end":{"line":5,"column":43}},{"start":{"line":5,"column":47},"end":{"line":5,"column":90}},{"start":{"line":5,"column":94},"end":{"line":5,"column":140}},{"start":{"line":5,"column":144},"end":{"line":5,"column":187}}]},"4":{"line":19,"type":"if","locations":[{"start":{"line":19,"column":10},"end":{"line":19,"column":10}},{"start":{"line":19,"column":10},"end":{"line":19,"column":10}}]},"5":{"line":27,"type":"if","locations":[{"start":{"line":27,"column":8},"end":{"line":27,"column":8}},{"start":{"line":27,"column":8},"end":{"line":27,"column":8}}]},"6":{"line":36,"type":"if","locations":[{"start":{"line":36,"column":4},"end":{"line":36,"column":4}},{"start":{"line":36,"column":4},"end":{"line":36,"column":4}}]},"7":{"line":53,"type":"if","locations":[{"start":{"line":53,"column":10},"end":{"line":53,"column":10}},{"start":{"line":53,"column":10},"end":{"line":53,"column":10}}]},"8":{"line":60,"type":"if","locations":[{"start":{"line":60,"column":8},"end":{"line":60,"column":8}},{"start":{"line":60,"column":8},"end":{"line":60,"column":8}}]},"9":{"line":77,"type":"if","locations":[{"start":{"line":77,"column":8},"end":{"line":77,"column":8}},{"start":{"line":77,"column":8},"end":{"line":77,"column":8}}]},"10":{"line":80,"type":"if","locations":[{"start":{"line":80,"column":13},"end":{"line":80,"column":13}},{"start":{"line":80,"column":13},"end":{"line":80,"column":13}}]},"11":{"line":92,"type":"if","locations":[{"start":{"line":92,"column":8},"end":{"line":92,"column":8}},{"start":{"line":92,"column":8},"end":{"line":92,"column":8}}]},"12":{"line":95,"type":"if","locations":[{"start":{"line":95,"column":13},"end":{"line":95,"column":13}},{"start":{"line":95,"column":13},"end":{"line":95,"column":13}}]},"13":{"line":103,"type":"if","locations":[{"start":{"line":103,"column":6},"end":{"line":103,"column":6}},{"start":{"line":103,"column":6},"end":{"line":103,"column":6}}]},"14":{"line":110,"type":"if","locations":[{"start":{"line":110,"column":6},"end":{"line":110,"column":6}},{"start":{"line":110,"column":6},"end":{"line":110,"column":6}}]},"15":{"line":116,"type":"if","locations":[{"start":{"line":116,"column":8},"end":{"line":116,"column":8}},{"start":{"line":116,"column":8},"end":{"line":116,"column":8}}]},"16":{"line":126,"type":"if","locations":[{"start":{"line":126,"column":6},"end":{"line":126,"column":6}},{"start":{"line":126,"column":6},"end":{"line":126,"column":6}}]},"17":{"line":126,"type":"binary-expr","locations":[{"start":{"line":126,"column":9},"end":{"line":126,"column":54}},{"start":{"line":126,"column":58},"end":{"line":126,"column":97}}]},"18":{"line":141,"type":"if","locations":[{"start":{"line":141,"column":8},"end":{"line":141,"column":8}},{"start":{"line":141,"column":8},"end":{"line":141,"column":8}}]},"19":{"line":142,"type":"if","locations":[{"start":{"line":142,"column":10},"end":{"line":142,"column":10}},{"start":{"line":142,"column":10},"end":{"line":142,"column":10}}]},"20":{"line":147,"type":"if","locations":[{"start":{"line":147,"column":8},"end":{"line":147,"column":8}},{"start":{"line":147,"column":8},"end":{"line":147,"column":8}}]}}}}