{"/Users/beau/Projects/khan/api.js":{"path":"/Users/beau/Projects/khan/api.js","s":{"1":1,"2":37,"3":14,"4":23,"5":14,"6":9,"7":1,"8":1,"9":6,"10":6,"11":6,"12":3,"13":3,"14":6,"15":2,"16":4,"17":4,"18":3,"19":1,"20":1,"21":6,"22":6,"23":6,"24":6,"25":8,"26":2,"27":4,"28":2,"29":2,"30":4,"31":9,"32":9,"33":1,"34":35,"35":35,"36":59,"37":10,"38":49,"39":14,"40":59,"41":35,"42":1,"43":8,"44":8,"45":3,"46":0,"47":3,"48":3,"49":3,"50":8,"51":1,"52":7,"53":7,"54":8,"55":1,"56":14,"57":6,"58":8,"59":8,"60":14,"61":0,"62":0,"63":14,"64":14,"65":6,"66":8,"67":1,"68":16,"69":16,"70":10,"71":10,"72":6,"73":1,"74":19,"75":19,"76":19,"77":19,"78":16,"79":6,"80":13,"81":10,"82":3,"83":3,"84":9},"b":{"1":[14,23],"2":[14,9],"3":[23,14,14,14],"4":[3,3],"5":[2,4],"6":[3,1],"7":[2,6],"8":[2,2],"9":[10,49],"10":[14,35],"11":[0,3],"12":[3,0],"13":[1,7],"14":[7,0],"15":[6,8],"16":[0,14],"17":[6,8],"18":[10,6],"19":[16,11],"20":[16,3],"21":[6,10],"22":[10,3]},"f":{"1":37,"2":4,"3":6,"4":6,"5":6,"6":4,"7":6,"8":9,"9":35,"10":8,"11":14,"12":16,"13":19},"fnMap":{"1":{"name":"newBlock","line":1,"loc":{"start":{"line":1,"column":0},"end":{"line":1,"column":29}}},"2":{"name":"(anonymous_2)","line":12,"loc":{"start":{"line":12,"column":15},"end":{"line":12,"column":49}}},"3":{"name":"searchForFunctionality","line":13,"loc":{"start":{"line":13,"column":4},"end":{"line":13,"column":42}}},"4":{"name":"(anonymous_4)","line":15,"loc":{"start":{"line":15,"column":24},"end":{"line":15,"column":43}}},"5":{"name":"(anonymous_5)","line":17,"loc":{"start":{"line":17,"column":45},"end":{"line":17,"column":76}}},"6":{"name":"(anonymous_6)","line":44,"loc":{"start":{"line":44,"column":15},"end":{"line":44,"column":49}}},"7":{"name":"searchForFunctionality","line":45,"loc":{"start":{"line":45,"column":4},"end":{"line":45,"column":42}}},"8":{"name":"(anonymous_8)","line":71,"loc":{"start":{"line":71,"column":20},"end":{"line":71,"column":49}}},"9":{"name":"getStatemntAt","line":75,"loc":{"start":{"line":75,"column":4},"end":{"line":75,"column":38}}},"10":{"name":"getArrayAt","line":89,"loc":{"start":{"line":89,"column":4},"end":{"line":89,"column":35}}},"11":{"name":"rollUp","line":109,"loc":{"start":{"line":109,"column":4},"end":{"line":109,"column":22}}},"12":{"name":"advanceCurrentStatement","line":130,"loc":{"start":{"line":130,"column":4},"end":{"line":130,"column":39}}},"13":{"name":"searchForFunctionality","line":143,"loc":{"start":{"line":143,"column":4},"end":{"line":143,"column":43}}}},"statementMap":{"1":{"start":{"line":1,"column":0},"end":{"line":9,"column":1}},"2":{"start":{"line":2,"column":2},"end":{"line":4,"column":3}},"3":{"start":{"line":3,"column":4},"end":{"line":3,"column":26}},"4":{"start":{"line":5,"column":2},"end":{"line":7,"column":3}},"5":{"start":{"line":6,"column":4},"end":{"line":6,"column":32}},"6":{"start":{"line":8,"column":2},"end":{"line":8,"column":15}},"7":{"start":{"line":11,"column":0},"end":{"line":164,"column":1}},"8":{"start":{"line":13,"column":4},"end":{"line":31,"column":5}},"9":{"start":{"line":15,"column":6},"end":{"line":30,"column":9}},"10":{"start":{"line":17,"column":8},"end":{"line":24,"column":11}},"11":{"start":{"line":19,"column":10},"end":{"line":22,"column":11}},"12":{"start":{"line":21,"column":12},"end":{"line":21,"column":25}},"13":{"start":{"line":23,"column":10},"end":{"line":23,"column":22}},"14":{"start":{"line":27,"column":8},"end":{"line":29,"column":9}},"15":{"start":{"line":28,"column":10},"end":{"line":28,"column":54}},"16":{"start":{"line":33,"column":4},"end":{"line":33,"column":37}},"17":{"start":{"line":36,"column":4},"end":{"line":39,"column":5}},"18":{"start":{"line":38,"column":6},"end":{"line":38,"column":18}},"19":{"start":{"line":41,"column":4},"end":{"line":41,"column":17}},"20":{"start":{"line":45,"column":4},"end":{"line":66,"column":5}},"21":{"start":{"line":47,"column":6},"end":{"line":47,"column":48}},"22":{"start":{"line":48,"column":6},"end":{"line":63,"column":7}},"23":{"start":{"line":50,"column":8},"end":{"line":50,"column":59}},"24":{"start":{"line":51,"column":8},"end":{"line":57,"column":9}},"25":{"start":{"line":53,"column":10},"end":{"line":56,"column":11}},"26":{"start":{"line":55,"column":12},"end":{"line":55,"column":25}},"27":{"start":{"line":60,"column":8},"end":{"line":62,"column":9}},"28":{"start":{"line":61,"column":10},"end":{"line":61,"column":64}},"29":{"start":{"line":65,"column":6},"end":{"line":65,"column":18}},"30":{"start":{"line":68,"column":4},"end":{"line":68,"column":44}},"31":{"start":{"line":72,"column":4},"end":{"line":72,"column":22}},"32":{"start":{"line":73,"column":4},"end":{"line":73,"column":39}},"33":{"start":{"line":75,"column":4},"end":{"line":87,"column":5}},"34":{"start":{"line":76,"column":6},"end":{"line":76,"column":44}},"35":{"start":{"line":77,"column":6},"end":{"line":85,"column":7}},"36":{"start":{"line":78,"column":8},"end":{"line":83,"column":9}},"37":{"start":{"line":79,"column":10},"end":{"line":79,"column":48}},"38":{"start":{"line":81,"column":13},"end":{"line":83,"column":9}},"39":{"start":{"line":82,"column":10},"end":{"line":82,"column":42}},"40":{"start":{"line":84,"column":8},"end":{"line":84,"column":44}},"41":{"start":{"line":86,"column":6},"end":{"line":86,"column":23}},"42":{"start":{"line":89,"column":4},"end":{"line":107,"column":5}},"43":{"start":{"line":90,"column":6},"end":{"line":90,"column":34}},"44":{"start":{"line":91,"column":6},"end":{"line":99,"column":7}},"45":{"start":{"line":92,"column":8},"end":{"line":97,"column":9}},"46":{"start":{"line":93,"column":10},"end":{"line":93,"column":48}},"47":{"start":{"line":95,"column":13},"end":{"line":97,"column":9}},"48":{"start":{"line":96,"column":10},"end":{"line":96,"column":42}},"49":{"start":{"line":98,"column":8},"end":{"line":98,"column":44}},"50":{"start":{"line":100,"column":6},"end":{"line":105,"column":7}},"51":{"start":{"line":101,"column":8},"end":{"line":101,"column":41}},"52":{"start":{"line":103,"column":11},"end":{"line":105,"column":7}},"53":{"start":{"line":104,"column":8},"end":{"line":104,"column":35}},"54":{"start":{"line":106,"column":6},"end":{"line":106,"column":23}},"55":{"start":{"line":109,"column":4},"end":{"line":128,"column":5}},"56":{"start":{"line":110,"column":6},"end":{"line":116,"column":7}},"57":{"start":{"line":111,"column":8},"end":{"line":111,"column":38}},"58":{"start":{"line":114,"column":8},"end":{"line":114,"column":44}},"59":{"start":{"line":115,"column":8},"end":{"line":115,"column":47}},"60":{"start":{"line":117,"column":6},"end":{"line":127,"column":7}},"61":{"start":{"line":118,"column":8},"end":{"line":118,"column":36}},"62":{"start":{"line":119,"column":8},"end":{"line":119,"column":21}},"63":{"start":{"line":122,"column":8},"end":{"line":122,"column":22}},"64":{"start":{"line":123,"column":8},"end":{"line":125,"column":9}},"65":{"start":{"line":124,"column":10},"end":{"line":124,"column":22}},"66":{"start":{"line":126,"column":8},"end":{"line":126,"column":24}},"67":{"start":{"line":130,"column":4},"end":{"line":140,"column":5}},"68":{"start":{"line":132,"column":6},"end":{"line":132,"column":52}},"69":{"start":{"line":133,"column":6},"end":{"line":136,"column":7}},"70":{"start":{"line":134,"column":8},"end":{"line":134,"column":24}},"71":{"start":{"line":135,"column":8},"end":{"line":135,"column":21}},"72":{"start":{"line":139,"column":6},"end":{"line":139,"column":22}},"73":{"start":{"line":143,"column":4},"end":{"line":160,"column":5}},"74":{"start":{"line":144,"column":6},"end":{"line":144,"column":49}},"75":{"start":{"line":145,"column":6},"end":{"line":145,"column":52}},"76":{"start":{"line":146,"column":6},"end":{"line":157,"column":7}},"77":{"start":{"line":148,"column":8},"end":{"line":152,"column":9}},"78":{"start":{"line":149,"column":10},"end":{"line":151,"column":11}},"79":{"start":{"line":150,"column":12},"end":{"line":150,"column":24}},"80":{"start":{"line":154,"column":8},"end":{"line":156,"column":9}},"81":{"start":{"line":155,"column":10},"end":{"line":155,"column":65}},"82":{"start":{"line":158,"column":6},"end":{"line":158,"column":20}},"83":{"start":{"line":159,"column":6},"end":{"line":159,"column":19}},"84":{"start":{"line":162,"column":4},"end":{"line":162,"column":44}}},"branchMap":{"1":{"line":2,"type":"if","locations":[{"start":{"line":2,"column":2},"end":{"line":2,"column":2}},{"start":{"line":2,"column":2},"end":{"line":2,"column":2}}]},"2":{"line":5,"type":"if","locations":[{"start":{"line":5,"column":2},"end":{"line":5,"column":2}},{"start":{"line":5,"column":2},"end":{"line":5,"column":2}}]},"3":{"line":5,"type":"binary-expr","locations":[{"start":{"line":5,"column":5},"end":{"line":5,"column":43}},{"start":{"line":5,"column":47},"end":{"line":5,"column":90}},{"start":{"line":5,"column":94},"end":{"line":5,"column":140}},{"start":{"line":5,"column":144},"end":{"line":5,"column":187}}]},"4":{"line":19,"type":"if","locations":[{"start":{"line":19,"column":10},"end":{"line":19,"column":10}},{"start":{"line":19,"column":10},"end":{"line":19,"column":10}}]},"5":{"line":27,"type":"if","locations":[{"start":{"line":27,"column":8},"end":{"line":27,"column":8}},{"start":{"line":27,"column":8},"end":{"line":27,"column":8}}]},"6":{"line":36,"type":"if","locations":[{"start":{"line":36,"column":4},"end":{"line":36,"column":4}},{"start":{"line":36,"column":4},"end":{"line":36,"column":4}}]},"7":{"line":53,"type":"if","locations":[{"start":{"line":53,"column":10},"end":{"line":53,"column":10}},{"start":{"line":53,"column":10},"end":{"line":53,"column":10}}]},"8":{"line":60,"type":"if","locations":[{"start":{"line":60,"column":8},"end":{"line":60,"column":8}},{"start":{"line":60,"column":8},"end":{"line":60,"column":8}}]},"9":{"line":78,"type":"if","locations":[{"start":{"line":78,"column":8},"end":{"line":78,"column":8}},{"start":{"line":78,"column":8},"end":{"line":78,"column":8}}]},"10":{"line":81,"type":"if","locations":[{"start":{"line":81,"column":13},"end":{"line":81,"column":13}},{"start":{"line":81,"column":13},"end":{"line":81,"column":13}}]},"11":{"line":92,"type":"if","locations":[{"start":{"line":92,"column":8},"end":{"line":92,"column":8}},{"start":{"line":92,"column":8},"end":{"line":92,"column":8}}]},"12":{"line":95,"type":"if","locations":[{"start":{"line":95,"column":13},"end":{"line":95,"column":13}},{"start":{"line":95,"column":13},"end":{"line":95,"column":13}}]},"13":{"line":100,"type":"if","locations":[{"start":{"line":100,"column":6},"end":{"line":100,"column":6}},{"start":{"line":100,"column":6},"end":{"line":100,"column":6}}]},"14":{"line":103,"type":"if","locations":[{"start":{"line":103,"column":11},"end":{"line":103,"column":11}},{"start":{"line":103,"column":11},"end":{"line":103,"column":11}}]},"15":{"line":110,"type":"if","locations":[{"start":{"line":110,"column":6},"end":{"line":110,"column":6}},{"start":{"line":110,"column":6},"end":{"line":110,"column":6}}]},"16":{"line":117,"type":"if","locations":[{"start":{"line":117,"column":6},"end":{"line":117,"column":6}},{"start":{"line":117,"column":6},"end":{"line":117,"column":6}}]},"17":{"line":123,"type":"if","locations":[{"start":{"line":123,"column":8},"end":{"line":123,"column":8}},{"start":{"line":123,"column":8},"end":{"line":123,"column":8}}]},"18":{"line":133,"type":"if","locations":[{"start":{"line":133,"column":6},"end":{"line":133,"column":6}},{"start":{"line":133,"column":6},"end":{"line":133,"column":6}}]},"19":{"line":133,"type":"binary-expr","locations":[{"start":{"line":133,"column":9},"end":{"line":133,"column":54}},{"start":{"line":133,"column":58},"end":{"line":133,"column":97}}]},"20":{"line":148,"type":"if","locations":[{"start":{"line":148,"column":8},"end":{"line":148,"column":8}},{"start":{"line":148,"column":8},"end":{"line":148,"column":8}}]},"21":{"line":149,"type":"if","locations":[{"start":{"line":149,"column":10},"end":{"line":149,"column":10}},{"start":{"line":149,"column":10},"end":{"line":149,"column":10}}]},"22":{"line":154,"type":"if","locations":[{"start":{"line":154,"column":8},"end":{"line":154,"column":8}},{"start":{"line":154,"column":8},"end":{"line":154,"column":8}}]}}}}