TN:
SF:/Users/beau/Projects/khan/api.js
FN:2,(anonymous_1)
FN:3,searchForFunctionality
FN:5,(anonymous_3)
FN:7,(anonymous_4)
FN:39,(anonymous_5)
FN:40,searchForFunctionality
FNF:6
FNH:6
FNDA:4,(anonymous_1)
FNDA:6,searchForFunctionality
FNDA:6,(anonymous_3)
FNDA:6,(anonymous_4)
FNDA:4,(anonymous_5)
FNDA:5,searchForFunctionality
DA:1,1
DA:3,1
DA:5,6
DA:7,6
DA:9,6
DA:11,3
DA:13,3
DA:17,6
DA:19,1
DA:21,6
DA:23,1
DA:28,4
DA:31,4
DA:33,3
DA:36,1
DA:40,1
DA:42,5
DA:43,5
DA:45,5
DA:46,5
DA:48,6
DA:50,2
DA:55,3
DA:57,1
DA:61,2
DA:64,4
LF:26
LH:26
BRDA:9,1,0,3
BRDA:9,1,1,3
BRDA:17,2,0,1
BRDA:17,2,1,5
BRDA:21,3,0,1
BRDA:21,3,1,5
BRDA:21,4,0,6
BRDA:21,4,1,1
BRDA:21,4,2,1
BRDA:21,4,3,1
BRDA:31,5,0,3
BRDA:31,5,1,1
BRDA:48,6,0,2
BRDA:48,6,1,4
BRDA:55,7,0,1
BRDA:55,7,1,2
BRF:16
BRH:16
end_of_record
