TN:
SF:/Users/beau/Projects/khan/api.js
FN:4,newBlock
FN:23,(anonymous_2)
FN:35,searchForFunctionality
FN:37,(anonymous_4)
FN:39,(anonymous_5)
FN:74,(anonymous_6)
FN:86,searchForFunctionality
FN:122,(anonymous_8)
FN:141,getStatemntAt
FN:156,getArrayAt
FN:177,rollUp
FN:202,advanceCurrentStatement
FN:215,searchForFunctionality
FNF:13
FNH:13
FNDA:37,newBlock
FNDA:4,(anonymous_2)
FNDA:6,searchForFunctionality
FNDA:6,(anonymous_4)
FNDA:6,(anonymous_5)
FNDA:4,(anonymous_6)
FNDA:6,searchForFunctionality
FNDA:9,(anonymous_8)
FNDA:35,getStatemntAt
FNDA:8,getArrayAt
FNDA:14,rollUp
FNDA:16,advanceCurrentStatement
FNDA:19,searchForFunctionality
DA:1,1
DA:4,1
DA:5,37
DA:6,14
DA:8,23
DA:9,14
DA:11,9
DA:14,1
DA:24,4
DA:25,0
DA:29,4
DA:30,4
DA:32,0
DA:35,1
DA:37,6
DA:39,6
DA:41,6
DA:43,3
DA:45,3
DA:49,6
DA:50,2
DA:55,4
DA:58,4
DA:60,3
DA:63,1
DA:75,4
DA:76,0
DA:80,4
DA:81,4
DA:83,0
DA:86,1
DA:88,6
DA:89,6
DA:91,6
DA:92,6
DA:94,8
DA:96,2
DA:101,4
DA:102,2
DA:103,1
DA:108,3
DA:111,4
DA:123,9
DA:124,0
DA:128,9
DA:129,9
DA:130,9
DA:132,0
DA:136,9
DA:138,9
DA:141,1
DA:142,35
DA:143,35
DA:144,59
DA:145,10
DA:147,49
DA:148,14
DA:150,59
DA:152,35
DA:156,1
DA:157,8
DA:158,8
DA:159,3
DA:160,0
DA:162,3
DA:163,3
DA:165,3
DA:167,8
DA:168,1
DA:170,7
DA:171,7
DA:173,8
DA:177,1
DA:179,14
DA:180,6
DA:183,8
DA:184,8
DA:187,14
DA:188,0
DA:189,0
DA:193,14
DA:194,14
DA:195,6
DA:197,8
DA:202,1
DA:204,16
DA:205,16
DA:206,10
DA:207,10
DA:211,6
DA:215,1
DA:216,19
DA:217,19
DA:218,19
DA:220,19
DA:221,16
DA:222,6
DA:226,13
DA:227,10
DA:231,3
DA:232,3
DA:235,9
LF:102
LH:93
BRDA:5,1,0,14
BRDA:5,1,1,23
BRDA:8,2,0,14
BRDA:8,2,1,9
BRDA:8,3,0,23
BRDA:8,3,1,14
BRDA:8,3,2,14
BRDA:8,3,3,14
BRDA:24,4,0,0
BRDA:24,4,1,4
BRDA:24,5,0,4
BRDA:24,5,1,4
BRDA:41,6,0,3
BRDA:41,6,1,3
BRDA:49,7,0,2
BRDA:49,7,1,4
BRDA:58,8,0,3
BRDA:58,8,1,1
BRDA:75,9,0,0
BRDA:75,9,1,4
BRDA:75,10,0,4
BRDA:75,10,1,4
BRDA:94,11,0,2
BRDA:94,11,1,6
BRDA:101,12,0,2
BRDA:101,12,1,2
BRDA:102,13,0,1
BRDA:102,13,1,1
BRDA:123,14,0,0
BRDA:123,14,1,9
BRDA:123,15,0,9
BRDA:123,15,1,9
BRDA:144,16,0,10
BRDA:144,16,1,49
BRDA:147,17,0,14
BRDA:147,17,1,35
BRDA:159,18,0,0
BRDA:159,18,1,3
BRDA:162,19,0,3
BRDA:162,19,1,0
BRDA:167,20,0,1
BRDA:167,20,1,7
BRDA:170,21,0,7
BRDA:170,21,1,0
BRDA:179,22,0,6
BRDA:179,22,1,8
BRDA:187,23,0,0
BRDA:187,23,1,14
BRDA:194,24,0,6
BRDA:194,24,1,8
BRDA:205,25,0,10
BRDA:205,25,1,6
BRDA:205,26,0,16
BRDA:205,26,1,11
BRDA:220,27,0,16
BRDA:220,27,1,3
BRDA:221,28,0,6
BRDA:221,28,1,10
BRDA:226,29,0,10
BRDA:226,29,1,3
BRF:60
BRH:53
end_of_record
